[debug] [2023-07-28T05:56:49.047Z] ----------------------------------------------------------------------
[debug] [2023-07-28T05:56:49.050Z] Command:       C:\Program Files\nodejs\node.exe C:\Users\prasa\AppData\Roaming\npm\node_modules\firebase-tools\lib\bin\firebase.js init
[debug] [2023-07-28T05:56:49.051Z] CLI Version:   12.4.6
[debug] [2023-07-28T05:56:49.052Z] Platform:      win32
[debug] [2023-07-28T05:56:49.052Z] Node Version:  v18.17.0
[debug] [2023-07-28T05:56:49.054Z] Time:          Fri Jul 28 2023 11:26:49 GMT+0530 (India Standard Time)
[debug] [2023-07-28T05:56:49.054Z] ----------------------------------------------------------------------
[debug] 
[debug] [2023-07-28T05:56:49.072Z] > command requires scopes: ["email","openid","https://www.googleapis.com/auth/cloudplatformprojects.readonly","https://www.googleapis.com/auth/firebase","https://www.googleapis.com/auth/cloud-platform"]
[debug] [2023-07-28T05:56:49.073Z] > authorizing via signed-in user (prasanth76200@gmail.com)
[info] 
     ######## #### ########  ######## ########     ###     ######  ########
     ##        ##  ##     ## ##       ##     ##  ##   ##  ##       ##
     ######    ##  ########  ######   ########  #########  ######  ######
     ##        ##  ##    ##  ##       ##     ## ##     ##       ## ##
     ##       #### ##     ## ######## ########  ##     ##  ######  ########

You're about to initialize a Firebase project in this directory:

  C:\Users\prasa\OneDrive\Desktop\Hosting\fire base

[info] 
=== Project Setup
[info] 
[info] First, let's associate this project directory with a Firebase project.
[info] You can create multiple project aliases by running firebase use --add, 
[info] but for now we'll just set up a default project.
[info] 
